2021/10/05 14:23:38 [notice] 1#1: using the "epoll" event method
2021/10/05 14:23:38 [notice] 1#1: nginx/1.21.3
2021/10/05 14:23:38 [notice] 1#1: built by gcc 10.3.1 20210424 (Alpine 10.3.1_git20210424) 
2021/10/05 14:23:38 [notice] 1#1: OS: Linux 5.10.0-8-amd64
2021/10/05 14:23:38 [notice] 1#1: getrlimit(RLIMIT_NOFILE): 1048576:1048576
2021/10/05 14:23:38 [notice] 1#1: start worker processes
2021/10/05 14:23:38 [notice] 1#1: start worker process 32
2021/10/05 14:23:38 [notice] 1#1: start worker process 33
2021/10/05 14:23:38 [notice] 1#1: start worker process 34
2021/10/05 14:23:38 [notice] 1#1: start worker process 35
2021/10/05 14:23:45 [error] 33#33: *1 connect() failed (111: Connection refused) while connecting to upstream, client: 172.18.0.1, server: , request: "GET / HTTP/1.1", upstream: "fastcgi://172.18.0.3:9000", host: "localhost:1080"
2021/10/05 14:23:46 [error] 33#33: *1 connect() failed (111: Connection refused) while connecting to upstream, client: 172.18.0.1, server: , request: "GET /favicon.ico HTTP/1.1", upstream: "fastcgi://172.18.0.3:9000", host: "localhost:1080", referrer: "http://localhost:1080/"
2021/10/05 14:23:49 [error] 33#33: *1 connect() failed (111: Connection refused) while connecting to upstream, client: 172.18.0.1, server: , request: "GET / HTTP/1.1", upstream: "fastcgi://172.18.0.3:9000", host: "localhost:1080"
2021/10/05 14:23:49 [error] 33#33: *1 connect() failed (111: Connection refused) while connecting to upstream, client: 172.18.0.1, server: , request: "GET /favicon.ico HTTP/1.1", upstream: "fastcgi://172.18.0.3:9000", host: "localhost:1080", referrer: "http://localhost:1080/"
2021/10/05 14:23:59 [error] 33#33: *1 connect() failed (111: Connection refused) while connecting to upstream, client: 172.18.0.1, server: , request: "GET / HTTP/1.1", upstream: "fastcgi://172.18.0.3:9000", host: "localhost:1080"
2021/10/05 14:23:59 [error] 33#33: *1 connect() failed (111: Connection refused) while connecting to upstream, client: 172.18.0.1, server: , request: "GET /favicon.ico HTTP/1.1", upstream: "fastcgi://172.18.0.3:9000", host: "localhost:1080", referrer: "http://localhost:1080/"
2021/10/05 14:24:39 [error] 33#33: *1 connect() failed (111: Connection refused) while connecting to upstream, client: 172.18.0.1, server: , request: "GET / HTTP/1.1", upstream: "fastcgi://172.18.0.3:9000", host: "localhost:1080"
2021/10/05 14:24:39 [error] 33#33: *1 connect() failed (111: Connection refused) while connecting to upstream, client: 172.18.0.1, server: , request: "GET /favicon.ico HTTP/1.1", upstream: "fastcgi://172.18.0.3:9000", host: "localhost:1080", referrer: "http://localhost:1080/"
2021/10/05 14:25:18 [notice] 1#1: signal 3 (SIGQUIT) received, shutting down
2021/10/05 14:25:18 [notice] 33#33: gracefully shutting down
2021/10/05 14:25:18 [notice] 34#34: gracefully shutting down
2021/10/05 14:25:18 [notice] 32#32: gracefully shutting down
2021/10/05 14:25:18 [notice] 34#34: exiting
2021/10/05 14:25:18 [notice] 32#32: exiting
2021/10/05 14:25:18 [notice] 33#33: exiting
2021/10/05 14:25:18 [notice] 32#32: exit
2021/10/05 14:25:18 [notice] 34#34: exit
2021/10/05 14:25:18 [notice] 33#33: exit
2021/10/05 14:25:18 [notice] 35#35: gracefully shutting down
2021/10/05 14:25:18 [notice] 35#35: exiting
2021/10/05 14:25:18 [notice] 35#35: exit
2021/10/05 14:25:18 [notice] 1#1: signal 17 (SIGCHLD) received from 34
2021/10/05 14:25:18 [notice] 1#1: worker process 33 exited with code 0
2021/10/05 14:25:18 [notice] 1#1: worker process 34 exited with code 0
2021/10/05 14:25:18 [notice] 1#1: signal 29 (SIGIO) received
2021/10/05 14:25:18 [notice] 1#1: signal 17 (SIGCHLD) received from 32
2021/10/05 14:25:18 [notice] 1#1: worker process 32 exited with code 0
2021/10/05 14:25:18 [notice] 1#1: worker process 35 exited with code 0
2021/10/05 14:25:18 [notice] 1#1: exit
2021/10/05 14:25:19 [notice] 1#1: using the "epoll" event method
2021/10/05 14:25:19 [notice] 1#1: nginx/1.21.3
2021/10/05 14:25:19 [notice] 1#1: built by gcc 10.3.1 20210424 (Alpine 10.3.1_git20210424) 
2021/10/05 14:25:19 [notice] 1#1: OS: Linux 5.10.0-8-amd64
2021/10/05 14:25:19 [notice] 1#1: getrlimit(RLIMIT_NOFILE): 1048576:1048576
2021/10/05 14:25:19 [notice] 1#1: start worker processes
2021/10/05 14:25:19 [notice] 1#1: start worker process 33
2021/10/05 14:25:19 [notice] 1#1: start worker process 34
2021/10/05 14:25:19 [notice] 1#1: start worker process 35
2021/10/05 14:25:19 [notice] 1#1: start worker process 36
2021/10/05 14:25:33 [error] 34#34: *2 connect() failed (111: Connection refused) while connecting to upstream, client: 172.18.0.1, server: , request: "GET / HTTP/1.1", upstream: "fastcgi://172.18.0.3:9000", host: "localhost:1080"
2021/10/05 14:25:33 [error] 34#34: *2 connect() failed (111: Connection refused) while connecting to upstream, client: 172.18.0.1, server: , request: "GET /favicon.ico HTTP/1.1", upstream: "fastcgi://172.18.0.3:9000", host: "localhost:1080", referrer: "http://localhost:1080/"
2021/10/05 14:40:40 [notice] 1#1: using the "epoll" event method
2021/10/05 14:40:40 [notice] 1#1: nginx/1.21.3
2021/10/05 14:40:40 [notice] 1#1: built by gcc 10.3.1 20210424 (Alpine 10.3.1_git20210424) 
2021/10/05 14:40:40 [notice] 1#1: OS: Linux 5.10.0-8-amd64
2021/10/05 14:40:40 [notice] 1#1: getrlimit(RLIMIT_NOFILE): 1048576:1048576
2021/10/05 14:40:40 [notice] 1#1: start worker processes
2021/10/05 14:40:40 [notice] 1#1: start worker process 31
2021/10/05 14:40:40 [notice] 1#1: start worker process 32
2021/10/05 14:40:40 [notice] 1#1: start worker process 33
2021/10/05 14:40:40 [notice] 1#1: start worker process 34
2021/10/05 14:40:52 [error] 32#32: *2 connect() failed (111: Connection refused) while connecting to upstream, client: 172.18.0.1, server: , request: "GET / HTTP/1.1", upstream: "fastcgi://172.18.0.3:9000", host: "localhost:1080"
2021/10/05 14:40:52 [error] 32#32: *2 connect() failed (111: Connection refused) while connecting to upstream, client: 172.18.0.1, server: , request: "GET /favicon.ico HTTP/1.1", upstream: "fastcgi://172.18.0.3:9000", host: "localhost:1080", referrer: "http://localhost:1080/"
2021/10/05 14:41:02 [notice] 1#1: signal 3 (SIGQUIT) received, shutting down
2021/10/05 14:41:02 [notice] 31#31: gracefully shutting down
2021/10/05 14:41:02 [notice] 32#32: gracefully shutting down
2021/10/05 14:41:02 [notice] 34#34: gracefully shutting down
2021/10/05 14:41:02 [notice] 31#31: exiting
2021/10/05 14:41:02 [notice] 34#34: exiting
2021/10/05 14:41:02 [notice] 34#34: exit
2021/10/05 14:41:02 [notice] 31#31: exit
2021/10/05 14:41:02 [notice] 33#33: gracefully shutting down
2021/10/05 14:41:02 [notice] 33#33: exiting
2021/10/05 14:41:02 [notice] 33#33: exit
2021/10/05 14:41:02 [notice] 1#1: signal 17 (SIGCHLD) received from 34
2021/10/05 14:41:02 [notice] 1#1: worker process 31 exited with code 0
2021/10/05 14:41:02 [notice] 1#1: worker process 34 exited with code 0
2021/10/05 14:41:02 [notice] 1#1: signal 29 (SIGIO) received
2021/10/05 14:41:03 [notice] 1#1: signal 17 (SIGCHLD) received from 33
2021/10/05 14:41:03 [notice] 1#1: worker process 33 exited with code 0
2021/10/05 14:41:03 [notice] 1#1: signal 29 (SIGIO) received
2021/10/05 14:41:14 [notice] 1#1: using the "epoll" event method
2021/10/05 14:41:14 [notice] 1#1: nginx/1.21.3
2021/10/05 14:41:14 [notice] 1#1: built by gcc 10.3.1 20210424 (Alpine 10.3.1_git20210424) 
2021/10/05 14:41:14 [notice] 1#1: OS: Linux 5.10.0-8-amd64
2021/10/05 14:41:14 [notice] 1#1: getrlimit(RLIMIT_NOFILE): 1048576:1048576
2021/10/05 14:41:14 [notice] 1#1: start worker processes
2021/10/05 14:41:14 [notice] 1#1: start worker process 31
2021/10/05 14:41:14 [notice] 1#1: start worker process 32
2021/10/05 14:41:14 [notice] 1#1: start worker process 33
2021/10/05 14:41:14 [notice] 1#1: start worker process 34
2021/10/05 14:50:12 [error] 31#31: *2 connect() failed (113: Host is unreachable) while connecting to upstream, client: 172.18.0.1, server: , request: "GET / HTTP/1.1", upstream: "fastcgi://172.18.0.3:9000", host: "localhost:1080"
2021/10/05 14:50:15 [error] 31#31: *2 connect() failed (113: Host is unreachable) while connecting to upstream, client: 172.18.0.1, server: , request: "GET /favicon.ico HTTP/1.1", upstream: "fastcgi://172.18.0.3:9000", host: "localhost:1080", referrer: "http://localhost:1080/"
2021/10/05 14:52:58 [notice] 1#1: signal 3 (SIGQUIT) received, shutting down
2021/10/05 14:52:58 [notice] 31#31: gracefully shutting down
2021/10/05 14:52:58 [notice] 34#34: gracefully shutting down
2021/10/05 14:52:58 [notice] 31#31: exiting
2021/10/05 14:52:58 [notice] 34#34: exiting
2021/10/05 14:52:58 [notice] 31#31: exit
2021/10/05 14:52:58 [notice] 34#34: exit
2021/10/05 14:52:58 [notice] 33#33: gracefully shutting down
2021/10/05 14:52:58 [notice] 32#32: gracefully shutting down
2021/10/05 14:52:58 [notice] 33#33: exiting
2021/10/05 14:52:58 [notice] 32#32: exiting
2021/10/05 14:52:58 [notice] 33#33: exit
2021/10/05 14:52:58 [notice] 32#32: exit
2021/10/05 14:52:58 [notice] 1#1: signal 17 (SIGCHLD) received from 32
2021/10/05 14:52:58 [notice] 1#1: worker process 32 exited with code 0
2021/10/05 14:52:58 [notice] 1#1: signal 29 (SIGIO) received
2021/10/05 14:52:58 [notice] 1#1: signal 17 (SIGCHLD) received from 31
2021/10/05 14:52:58 [notice] 1#1: worker process 31 exited with code 0
2021/10/05 14:52:58 [notice] 1#1: signal 29 (SIGIO) received
2021/10/05 14:52:58 [notice] 1#1: signal 17 (SIGCHLD) received from 33
2021/10/05 14:52:58 [notice] 1#1: worker process 33 exited with code 0
2021/10/05 14:52:58 [notice] 1#1: worker process 34 exited with code 0
2021/10/05 14:52:58 [notice] 1#1: exit
2021/10/05 14:53:30 [notice] 1#1: using the "epoll" event method
2021/10/05 14:53:30 [notice] 1#1: nginx/1.21.3
2021/10/05 14:53:30 [notice] 1#1: built by gcc 10.3.1 20210424 (Alpine 10.3.1_git20210424) 
2021/10/05 14:53:30 [notice] 1#1: OS: Linux 5.10.0-8-amd64
2021/10/05 14:53:30 [notice] 1#1: getrlimit(RLIMIT_NOFILE): 1048576:1048576
2021/10/05 14:53:30 [notice] 1#1: start worker processes
2021/10/05 14:53:30 [notice] 1#1: start worker process 31
2021/10/05 14:53:30 [notice] 1#1: start worker process 32
2021/10/05 14:53:30 [notice] 1#1: start worker process 33
2021/10/05 14:53:30 [notice] 1#1: start worker process 34
2021/10/05 14:54:05 [error] 31#31: *2 connect() failed (111: Connection refused) while connecting to upstream, client: 172.18.0.1, server: , request: "GET / HTTP/1.1", upstream: "fastcgi://172.18.0.2:9000", host: "localhost:1080"
2021/10/05 14:54:05 [error] 31#31: *2 connect() failed (111: Connection refused) while connecting to upstream, client: 172.18.0.1, server: , request: "GET /favicon.ico HTTP/1.1", upstream: "fastcgi://172.18.0.2:9000", host: "localhost:1080", referrer: "http://localhost:1080/"
2021/10/05 14:54:45 [notice] 1#1: signal 3 (SIGQUIT) received, shutting down
2021/10/05 14:54:45 [notice] 33#33: gracefully shutting down
2021/10/05 14:54:45 [notice] 31#31: gracefully shutting down
2021/10/05 14:54:45 [notice] 34#34: gracefully shutting down
2021/10/05 14:54:45 [notice] 33#33: exiting
2021/10/05 14:54:45 [notice] 34#34: exiting
2021/10/05 14:54:45 [notice] 34#34: exit
2021/10/05 14:54:45 [notice] 33#33: exit
2021/10/05 14:54:45 [notice] 32#32: gracefully shutting down
2021/10/05 14:54:45 [notice] 32#32: exiting
2021/10/05 14:54:45 [notice] 32#32: exit
2021/10/05 14:54:45 [notice] 1#1: signal 17 (SIGCHLD) received from 32
2021/10/05 14:54:45 [notice] 1#1: worker process 32 exited with code 0
2021/10/05 14:54:45 [notice] 1#1: worker process 34 exited with code 0
2021/10/05 14:54:45 [notice] 1#1: signal 29 (SIGIO) received
2021/10/05 14:54:45 [notice] 1#1: signal 17 (SIGCHLD) received from 33
2021/10/05 14:54:45 [notice] 1#1: worker process 33 exited with code 0
2021/10/05 14:54:45 [notice] 1#1: signal 29 (SIGIO) received
2021/10/05 14:54:47 [notice] 31#31: exiting
2021/10/05 14:54:47 [notice] 31#31: exit
2021/10/05 14:54:47 [notice] 1#1: signal 17 (SIGCHLD) received from 31
2021/10/05 14:54:47 [notice] 1#1: worker process 31 exited with code 0
2021/10/05 14:54:47 [notice] 1#1: exit
2021/10/05 14:59:01 [notice] 1#1: using the "epoll" event method
2021/10/05 14:59:01 [notice] 1#1: nginx/1.21.3
2021/10/05 14:59:01 [notice] 1#1: built by gcc 10.3.1 20210424 (Alpine 10.3.1_git20210424) 
2021/10/05 14:59:01 [notice] 1#1: OS: Linux 5.10.0-8-amd64
2021/10/05 14:59:01 [notice] 1#1: getrlimit(RLIMIT_NOFILE): 1048576:1048576
2021/10/05 14:59:01 [notice] 1#1: start worker processes
2021/10/05 14:59:01 [notice] 1#1: start worker process 32
2021/10/05 14:59:01 [notice] 1#1: start worker process 33
2021/10/05 14:59:01 [notice] 1#1: start worker process 34
2021/10/05 14:59:01 [notice] 1#1: start worker process 35
2021/10/05 14:59:38 [error] 32#32: *2 connect() failed (111: Connection refused) while connecting to upstream, client: 172.18.0.1, server: , request: "GET / HTTP/1.1", upstream: "fastcgi://172.18.0.2:9000", host: "localhost:1080"
2021/10/05 14:59:39 [error] 32#32: *2 connect() failed (111: Connection refused) while connecting to upstream, client: 172.18.0.1, server: , request: "GET /favicon.ico HTTP/1.1", upstream: "fastcgi://172.18.0.2:9000", host: "localhost:1080", referrer: "http://localhost:1080/"
2021/10/06 15:59:16 [notice] 1#1: using the "epoll" event method
2021/10/06 15:59:16 [notice] 1#1: nginx/1.21.3
2021/10/06 15:59:16 [notice] 1#1: built by gcc 10.3.1 20210424 (Alpine 10.3.1_git20210424) 
2021/10/06 15:59:16 [notice] 1#1: OS: Linux 5.10.0-8-amd64
2021/10/06 15:59:16 [notice] 1#1: getrlimit(RLIMIT_NOFILE): 1048576:1048576
2021/10/06 15:59:16 [notice] 1#1: start worker processes
2021/10/06 15:59:16 [notice] 1#1: start worker process 32
2021/10/06 15:59:16 [notice] 1#1: start worker process 33
2021/10/06 15:59:16 [notice] 1#1: start worker process 34
2021/10/06 15:59:16 [notice] 1#1: start worker process 35
2021/10/06 17:58:35 [notice] 1#1: signal 3 (SIGQUIT) received, shutting down
2021/10/06 17:58:35 [notice] 35#35: gracefully shutting down
2021/10/06 17:58:35 [notice] 35#35: exiting
2021/10/06 17:58:35 [notice] 35#35: exit
2021/10/06 17:58:35 [notice] 33#33: gracefully shutting down
2021/10/06 17:58:35 [notice] 33#33: exiting
2021/10/06 17:58:35 [notice] 33#33: exit
2021/10/06 17:58:35 [notice] 34#34: gracefully shutting down
2021/10/06 17:58:35 [notice] 34#34: exiting
2021/10/06 17:58:35 [notice] 34#34: exit
2021/10/06 17:58:35 [notice] 32#32: gracefully shutting down
2021/10/06 17:58:35 [notice] 32#32: exiting
2021/10/06 17:58:35 [notice] 32#32: exit
2021/10/06 17:58:35 [notice] 1#1: signal 17 (SIGCHLD) received from 33
2021/10/06 17:58:35 [notice] 1#1: worker process 33 exited with code 0
2021/10/06 17:58:35 [notice] 1#1: signal 29 (SIGIO) received
2021/10/06 17:58:35 [notice] 1#1: signal 17 (SIGCHLD) received from 35
2021/10/06 17:58:35 [notice] 1#1: worker process 35 exited with code 0
2021/10/06 17:58:35 [notice] 1#1: signal 29 (SIGIO) received
2021/10/06 17:58:35 [notice] 1#1: signal 17 (SIGCHLD) received from 34
2021/10/06 17:58:35 [notice] 1#1: worker process 34 exited with code 0
2021/10/06 17:58:35 [notice] 1#1: signal 29 (SIGIO) received
2021/10/06 17:58:35 [notice] 1#1: signal 17 (SIGCHLD) received from 32
2021/10/06 17:58:35 [notice] 1#1: worker process 32 exited with code 0
2021/10/06 17:58:35 [notice] 1#1: exit
2021/10/08 10:38:52 [notice] 1#1: using the "epoll" event method
2021/10/08 10:38:52 [notice] 1#1: nginx/1.21.3
2021/10/08 10:38:52 [notice] 1#1: built by gcc 10.3.1 20210424 (Alpine 10.3.1_git20210424) 
2021/10/08 10:38:52 [notice] 1#1: OS: Linux 5.10.0-8-amd64
2021/10/08 10:38:52 [notice] 1#1: getrlimit(RLIMIT_NOFILE): 1048576:1048576
2021/10/08 10:38:52 [notice] 1#1: start worker processes
2021/10/08 10:38:52 [notice] 1#1: start worker process 31
2021/10/08 10:38:52 [notice] 1#1: start worker process 32
2021/10/08 10:38:52 [notice] 1#1: start worker process 33
2021/10/08 10:38:52 [notice] 1#1: start worker process 34
2021/10/11 13:58:56 [notice] 1#1: using the "epoll" event method
2021/10/11 13:58:56 [notice] 1#1: nginx/1.21.3
2021/10/11 13:58:56 [notice] 1#1: built by gcc 10.3.1 20210424 (Alpine 10.3.1_git20210424) 
2021/10/11 13:58:56 [notice] 1#1: OS: Linux 5.10.0-8-amd64
2021/10/11 13:58:56 [notice] 1#1: getrlimit(RLIMIT_NOFILE): 1048576:1048576
2021/10/11 13:58:56 [notice] 1#1: start worker processes
2021/10/11 13:58:56 [notice] 1#1: start worker process 31
2021/10/11 13:58:56 [notice] 1#1: start worker process 32
2021/10/11 13:58:56 [notice] 1#1: start worker process 33
2021/10/11 13:58:56 [notice] 1#1: start worker process 34
2021/10/11 14:03:02 [notice] 1#1: signal 3 (SIGQUIT) received, shutting down
2021/10/11 14:03:02 [notice] 31#31: gracefully shutting down
2021/10/11 14:03:02 [notice] 32#32: gracefully shutting down
2021/10/11 14:03:02 [notice] 33#33: gracefully shutting down
2021/10/11 14:03:02 [notice] 31#31: exiting
2021/10/11 14:03:02 [notice] 32#32: exiting
2021/10/11 14:03:02 [notice] 33#33: exiting
2021/10/11 14:03:02 [notice] 31#31: exit
2021/10/11 14:03:02 [notice] 32#32: exit
2021/10/11 14:03:02 [notice] 33#33: exit
2021/10/11 14:03:02 [notice] 34#34: gracefully shutting down
2021/10/11 14:03:02 [notice] 34#34: exiting
2021/10/11 14:03:02 [notice] 34#34: exit
2021/10/11 14:03:02 [notice] 1#1: signal 17 (SIGCHLD) received from 32
2021/10/11 14:03:02 [notice] 1#1: worker process 32 exited with code 0
2021/10/11 14:03:02 [notice] 1#1: signal 29 (SIGIO) received
2021/10/11 14:03:02 [notice] 1#1: signal 17 (SIGCHLD) received from 34
2021/10/11 14:03:02 [notice] 1#1: worker process 31 exited with code 0
2021/10/11 14:03:02 [notice] 1#1: worker process 34 exited with code 0
2021/10/11 14:03:02 [notice] 1#1: signal 29 (SIGIO) received
2021/10/11 14:03:02 [notice] 1#1: signal 17 (SIGCHLD) received from 33
2021/10/11 14:03:02 [notice] 1#1: worker process 33 exited with code 0
2021/10/11 14:03:02 [notice] 1#1: exit
2021/10/11 14:03:46 [notice] 1#1: using the "epoll" event method
2021/10/11 14:03:46 [notice] 1#1: nginx/1.21.3
2021/10/11 14:03:46 [notice] 1#1: built by gcc 10.3.1 20210424 (Alpine 10.3.1_git20210424) 
2021/10/11 14:03:46 [notice] 1#1: OS: Linux 5.10.0-8-amd64
2021/10/11 14:03:46 [notice] 1#1: getrlimit(RLIMIT_NOFILE): 1048576:1048576
2021/10/11 14:03:46 [notice] 1#1: start worker processes
2021/10/11 14:03:46 [notice] 1#1: start worker process 31
2021/10/11 14:03:46 [notice] 1#1: start worker process 32
2021/10/11 14:03:46 [notice] 1#1: start worker process 33
2021/10/11 14:03:46 [notice] 1#1: start worker process 34
2021/10/11 16:27:15 [notice] 1#1: signal 3 (SIGQUIT) received, shutting down
2021/10/11 16:27:15 [notice] 34#34: gracefully shutting down
2021/10/11 16:27:15 [notice] 33#33: gracefully shutting down
2021/10/11 16:27:15 [notice] 34#34: exiting
2021/10/11 16:27:15 [notice] 33#33: exiting
2021/10/11 16:27:15 [notice] 33#33: exit
2021/10/11 16:27:15 [notice] 34#34: exit
2021/10/11 16:27:15 [notice] 32#32: gracefully shutting down
2021/10/11 16:27:15 [notice] 32#32: exiting
2021/10/11 16:27:15 [notice] 31#31: gracefully shutting down
2021/10/11 16:27:15 [notice] 32#32: exit
2021/10/11 16:27:15 [notice] 31#31: exiting
2021/10/11 16:27:15 [notice] 31#31: exit
2021/10/11 16:27:15 [notice] 1#1: signal 17 (SIGCHLD) received from 31
2021/10/11 16:27:15 [notice] 1#1: worker process 31 exited with code 0
2021/10/11 16:27:15 [notice] 1#1: signal 29 (SIGIO) received
2021/10/11 16:27:15 [notice] 1#1: signal 17 (SIGCHLD) received from 34
2021/10/11 16:27:15 [notice] 1#1: worker process 32 exited with code 0
2021/10/11 16:27:15 [notice] 1#1: worker process 34 exited with code 0
2021/10/11 16:27:15 [notice] 1#1: signal 29 (SIGIO) received
2021/10/11 16:27:15 [notice] 1#1: signal 17 (SIGCHLD) received from 33
2021/10/11 16:27:15 [notice] 1#1: worker process 33 exited with code 0
2021/10/11 16:27:15 [notice] 1#1: exit
2021/10/11 16:27:16 [notice] 1#1: using the "epoll" event method
2021/10/11 16:27:16 [notice] 1#1: nginx/1.21.3
2021/10/11 16:27:16 [notice] 1#1: built by gcc 10.3.1 20210424 (Alpine 10.3.1_git20210424) 
2021/10/11 16:27:16 [notice] 1#1: OS: Linux 5.10.0-8-amd64
2021/10/11 16:27:16 [notice] 1#1: getrlimit(RLIMIT_NOFILE): 1048576:1048576
2021/10/11 16:27:16 [notice] 1#1: start worker processes
2021/10/11 16:27:16 [notice] 1#1: start worker process 31
2021/10/11 16:27:16 [notice] 1#1: start worker process 32
2021/10/11 16:27:16 [notice] 1#1: start worker process 33
2021/10/11 16:27:16 [notice] 1#1: start worker process 34
